<?xml version="1.0" encoding="UTF-8"?>
<!-- Generated by org.testng.reporters.JUnitReportReporter -->
<testsuite name="com.obejctRepo.Login" tests="1" time="131.603" ignored="0" failures="0" timestamp="24 Feb 2020 07:45:40 GMT" skipped="0" hostname="IN5CG943BC8T" errors="0">
  <testcase name="login" time="131.603" classname="com.obejctRepo.Login"/>
</testsuite> <!-- com.obejctRepo.Login -->
