<?xml version="1.0" encoding="UTF-8"?>
<!-- Generated by org.testng.reporters.JUnitReportReporter -->
<testsuite name="com.testcases.LoginApplication" tests="1" time="25.401" ignored="0" failures="0" timestamp="14 Apr 2020 07:02:42 GMT" skipped="0" hostname="IN5CG943BC8T" errors="0">
  <testcase name="Login" time="25.401" classname="com.testcases.LoginApplication"/>
</testsuite> <!-- com.testcases.LoginApplication -->
