<?xml version="1.0" encoding="UTF-8"?>
<!-- Generated by org.testng.reporters.JUnitReportReporter -->
<testsuite name="com.Tours.ToursndTravels.LoginPage" tests="1" time="9.848" ignored="0" failures="0" timestamp="26 Mar 2020 10:36:30 GMT" skipped="0" hostname="IN5CG943BC8T" errors="0">
  <testcase name="Login" time="9.848" classname="com.Tours.ToursndTravels.LoginPage"/>
</testsuite> <!-- com.Tours.ToursndTravels.LoginPage -->
