<?xml version="1.0" encoding="UTF-8"?>
<!-- Generated by org.testng.reporters.JUnitReportReporter -->
<testsuite name="com.testcases.LoginApplication" tests="1" time="52.607" ignored="0" failures="0" timestamp="16 Apr 2020 07:09:37 GMT" skipped="0" hostname="IN5CG943BC8T" errors="0">
  <testcase name="Login" time="52.607" classname="com.testcases.LoginApplication"/>
</testsuite> <!-- com.testcases.LoginApplication -->
